<?xml version="1.0" encoding="UTF-8"?>

<mule xmlns="http://www.mulesoft.org/schema/mule/core" xmlns:doc="http://www.mulesoft.org/schema/mule/documentation" xmlns:munit="http://www.mulesoft.org/schema/mule/munit" xmlns:spring="http://www.springframework.org/schema/beans" xmlns:json="http://www.mulesoft.org/schema/mule/json" xmlns:http="http://www.mulesoft.org/schema/mule/http" xmlns:core="http://www.mulesoft.org/schema/mule/core" xmlns:xsi="http://www.w3.org/2001/XMLSchema-instance" xsi:schemaLocation="http://www.mulesoft.org/schema/mule/munit http://www.mulesoft.org/schema/mule/munit/current/mule-munit.xsd
http://www.springframework.org/schema/beans http://www.springframework.org/schema/beans/spring-beans-current.xsd
http://www.mulesoft.org/schema/mule/json http://www.mulesoft.org/schema/mule/json/current/mule-json.xsd
http://www.mulesoft.org/schema/mule/http http://www.mulesoft.org/schema/mule/http/current/mule-http.xsd
http://www.mulesoft.org/schema/mule/core http://www.mulesoft.org/schema/mule/core/current/mule.xsd">
    <munit:config mock-connectors="false" mock-inbounds="false" name="munit" doc:name="MUnit configuration"/>
    <http:request-config name="HTTP_Request_Configuration" host="localhost" port="8081" basePath="/api" doc:name="HTTP Request Configuration"/>
    <munit:test name="test-test-suite-get:/add:test-configTest" description="Test">
        <munit:set payload="#[]" doc:name="Set Message">
            <munit:inbound-properties>
                <munit:inbound-property key="http.query.params" value="#[{'num1':'4','num2':'4'}"/>
            </munit:inbound-properties>
        </munit:set>
        <flow-ref name="get:/add:test-config" doc:name="Flow-ref to get:/add:test-config"/>
        <json:json-to-object-transformer doc:name="JSON to Object"/>
        <munit:assert-true message="The HTTP Status code is not correct!" condition="#[messageInboundProperty('http.status').is(eq(200))]" doc:name="assert that - http.status eq 200"/>
        <munit:assert-not-null message="Payload Vacio" doc:name="Assert Not Null Payload"/>
        <munit:assert-true message="resultado no valido" condition="#[payload.resultado==8]" doc:name="Assert True"/>
    </munit:test>
</mule>
